<?xml version="1.0" encoding="UTF-8"?>
<testng-results ignored="0" total="1" passed="1" failed="0" skipped="0">
  <reporter-output>
  </reporter-output>
  <suite started-at="2024-07-13T11:15:34 IST" name="Suite" finished-at="2024-07-13T11:16:51 IST" duration-ms="76688">
    <groups>
    </groups>
    <test started-at="2024-07-13T11:15:34 IST" name="Test" finished-at="2024-07-13T11:16:51 IST" duration-ms="76688">
      <class name="CRMTests.CRMLogInTest">
        <test-method is-config="true" signature="beforeTestMethod()[pri:0, instance:CRMTests.CRMLogInTest@1e800aaa]" started-at="2024-07-13T11:15:34 IST" name="beforeTestMethod" finished-at="2024-07-13T11:15:34 IST" duration-ms="384" status="PASS">
          <reporter-output>
          </reporter-output>
        </test-method> <!-- beforeTestMethod -->
        <test-method is-config="true" signature="beforeMethodMethod(java.lang.String,java.lang.reflect.Method)[pri:0, instance:CRMTests.CRMLogInTest@1e800aaa]" started-at="2024-07-13T11:15:35 IST" name="beforeMethodMethod" finished-at="2024-07-13T11:16:40 IST" duration-ms="65008" status="PASS">
          <params>
            <param index="0">
              <value>
                <![CDATA[Chrome]]>
              </value>
            </param>
            <param index="1">
              <value>
                <![CDATA[public void CRMTests.CRMLogInTest.CRMLogin()]]>
              </value>
            </param>
          </params>
          <reporter-output>
          </reporter-output>
        </test-method> <!-- beforeMethodMethod -->
        <test-method signature="CRMLogin()[pri:0, instance:CRMTests.CRMLogInTest@1e800aaa]" started-at="2024-07-13T11:16:40 IST" name="CRMLogin" finished-at="2024-07-13T11:16:47 IST" duration-ms="7127" status="PASS">
          <reporter-output>
          </reporter-output>
        </test-method> <!-- CRMLogin -->
        <test-method is-config="true" signature="aferMethodMehod(org.testng.ITestResult)[pri:0, instance:CRMTests.CRMLogInTest@1e800aaa]" started-at="2024-07-13T11:16:47 IST" name="aferMethodMehod" finished-at="2024-07-13T11:16:47 IST" duration-ms="110" status="PASS">
          <params>
            <param index="0">
              <value>
                <![CDATA[[TestResult name=CRMLogin status=SUCCESS method=CRMLogInTest.CRMLogin()[pri:0, instance:CRMTests.CRMLogInTest@1e800aaa] output={null}]]]>
              </value>
            </param>
          </params>
          <reporter-output>
          </reporter-output>
        </test-method> <!-- aferMethodMehod -->
        <test-method is-config="true" signature="testComplete()[pri:0, instance:CRMTests.CRMLogInTest@1e800aaa]" started-at="2024-07-13T11:16:47 IST" name="testComplete" finished-at="2024-07-13T11:16:51 IST" duration-ms="4004" status="PASS">
          <reporter-output>
          </reporter-output>
        </test-method> <!-- testComplete -->
      </class> <!-- CRMTests.CRMLogInTest -->
    </test> <!-- Test -->
  </suite> <!-- Suite -->
</testng-results>
